<?xml version="1.0" encoding="UTF-8"?>
<testng-results ignored="0" total="1" passed="1" failed="0" skipped="0">
  <reporter-output>
  </reporter-output>
  <suite started-at="2026-05-18T22:38:55 GMT-04:00" name="Surefire suite" finished-at="2026-05-18T22:39:27 GMT-04:00" duration-ms="32173">
    <groups>
    </groups>
    <test started-at="2026-05-18T22:38:55 GMT-04:00" name="Surefire test" finished-at="2026-05-18T22:39:27 GMT-04:00" duration-ms="32173">
      <class name="BloqueCTest">
        <test-method is-config="true" signature="setDriver()[pri:0, instance:BloqueCTest@75c072cb]" started-at="2026-05-18T22:38:55 GMT-04:00" name="setDriver" finished-at="2026-05-18T22:39:15 GMT-04:00" duration-ms="20134" status="PASS">
          <reporter-output>
          </reporter-output>
        </test-method> <!-- setDriver -->
        <test-method signature="verificarInstalacionesBloqueC()[pri:0, instance:BloqueCTest@75c072cb]" started-at="2026-05-18T22:39:15 GMT-04:00" name="verificarInstalacionesBloqueC" finished-at="2026-05-18T22:39:27 GMT-04:00" duration-ms="11542" status="PASS">
          <reporter-output>
          </reporter-output>
        </test-method> <!-- verificarInstalacionesBloqueC -->
        <test-method is-config="true" signature="cerrar()[pri:0, instance:BloqueCTest@75c072cb]" started-at="2026-05-18T22:39:27 GMT-04:00" name="cerrar" finished-at="2026-05-18T22:39:27 GMT-04:00" duration-ms="429" status="PASS">
          <reporter-output>
          </reporter-output>
        </test-method> <!-- cerrar -->
      </class> <!-- BloqueCTest -->
    </test> <!-- Surefire test -->
  </suite> <!-- Surefire suite -->
</testng-results>
